TN:
SF:/home/tkardozo/Documents/TQS/Project/webapp/src/polyfills.ts
FNF:0
FNH:0
DA:46,1
DA:74,1
LF:2
LH:2
BRF:0
BRH:0
end_of_record
TN:
SF:/home/tkardozo/Documents/TQS/Project/webapp/src/test.ts
FNF:0
FNH:0
DA:3,1
DA:4,1
DA:5,1
DA:13,1
DA:18,1
DA:20,1
LF:6
LH:6
BRF:0
BRH:0
end_of_record
TN:
SF:/home/tkardozo/Documents/TQS/Project/webapp/src/app/app-routing.module.ts
FN:15,(anonymous_1)
FNF:1
FNH:1
FNDA:2,(anonymous_1)
DA:1,1
DA:2,1
DA:3,1
DA:5,1
DA:15,1
LF:5
LH:5
BRF:0
BRH:0
end_of_record
TN:
SF:/home/tkardozo/Documents/TQS/Project/webapp/src/app/app.component.ts
FN:8,(anonymous_1)
FN:3,AppComponent
FNF:2
FNH:2
FNDA:1,(anonymous_1)
FNDA:2,AppComponent
DA:1,1
DA:8,1
DA:9,2
DA:10,1
LF:4
LH:4
BRF:0
BRH:0
end_of_record
TN:
SF:/home/tkardozo/Documents/TQS/Project/webapp/src/app/plate.service.ts
FN:39,(anonymous_2)
FN:50,PlateService
FN:42,(anonymous_4)
FN:46,(anonymous_5)
FNF:4
FNH:4
FNDA:1,(anonymous_2)
FNDA:3,PlateService
FNDA:1,(anonymous_4)
FNDA:1,(anonymous_5)
DA:2,1
DA:4,1
DA:39,1
DA:40,3
DA:42,1
DA:43,1
DA:46,1
DA:47,1
DA:50,3
DA:51,1
LF:10
LH:10
BRF:0
BRH:0
end_of_record
TN:
SF:/home/tkardozo/Documents/TQS/Project/webapp/src/app/navbar/navbar.component.ts
FN:8,(anonymous_2)
FN:15,NavbarComponent
FN:17,(anonymous_4)
FNF:3
FNH:3
FNDA:1,(anonymous_2)
FNDA:3,NavbarComponent
FNDA:1,(anonymous_4)
DA:1,1
DA:8,1
DA:10,3
DA:11,3
DA:17,1
DA:20,1
LF:6
LH:6
BRF:0
BRH:0
end_of_record
TN:
SF:/home/tkardozo/Documents/TQS/Project/webapp/src/app/plate-list/plate-list.component.ts
FN:9,(anonymous_2)
FN:14,PlateListComponent
FN:16,(anonymous_4)
FN:18,(anonymous_5)
FN:23,(anonymous_6)
FN:25,(anonymous_7)
FNF:6
FNH:6
FNDA:1,(anonymous_2)
FNDA:3,PlateListComponent
FNDA:1,(anonymous_4)
FNDA:1,(anonymous_5)
FNDA:1,(anonymous_6)
FNDA:1,(anonymous_7)
DA:1,1
DA:2,1
DA:9,1
DA:11,3
DA:14,3
DA:16,1
DA:17,1
DA:19,1
DA:23,1
DA:24,1
DA:26,1
DA:30,1
LF:12
LH:12
BRF:0
BRH:0
end_of_record
